<?xml version="1.0" encoding="UTF-8"?>
<!-- Generated by org.testng.reporters.JUnitReportReporter -->
<testsuite skipped="0" hostname="DESKTOP-7H8BUQL" name="com.konexPos.customersTest.OrderPlaceAtPosScreen" tests="2" failures="0" timestamp="2021-06-25T08:28:08 IST" time="65.500" errors="0">
  <testcase name="verifyOrderPlaced" time="9.333" classname="com.konexPos.customersTest.OrderPlaceAtPosScreen"/>
  <system-out>
Order Created Successfully   </system-out>
  <testcase name="addCustomer" time="56.167" classname="com.konexPos.customersTest.OrderPlaceAtPosScreen"/>
  <system-out/>
</testsuite> <!-- com.konexPos.customersTest.OrderPlaceAtPosScreen -->
