<?xml version="1.0" encoding="UTF-8"?>
<!-- Generated by org.testng.reporters.JUnitReportReporter -->
<testsuite skipped="0" hostname="DESKTOP-7H8BUQL" name="com.konexPos.customersTest.TestClass1" tests="1" failures="0" timestamp="01 Jul 2021 12:28:18 GMT" time="0.009" errors="0">
  <testcase name="a" time="0.009" classname="com.konexPos.customersTest.TestClass1"/>
</testsuite> <!-- com.konexPos.customersTest.TestClass1 -->
