<?xml version="1.0" encoding="UTF-8"?>
<!-- Generated by org.testng.reporters.JUnitReportReporter -->
<testsuite skipped="0" hostname="DESKTOP-7H8BUQL" name="com.konexPos.customersTest.BarCodeScantest" tests="1" failures="0" timestamp="17 Nov 2021 08:35:28 GMT" time="11.656" errors="0">
  <testcase name="barCodeScan" time="11.656" classname="com.konexPos.customersTest.BarCodeScantest"/>
</testsuite> <!-- com.konexPos.customersTest.BarCodeScantest -->
