<?xml version="1.0" encoding="UTF-8"?>
<!-- Generated by org.testng.reporters.JUnitReportReporter -->
<testsuite skipped="0" hostname="DESKTOP-7H8BUQL" name="com.konexPos.customersTest.test" tests="1" failures="0" timestamp="02 Jul 2021 00:34:11 GMT" time="46.384" errors="0">
  <testcase name="createCustomer1" time="46.384" classname="com.konexPos.customersTest.test"/>
</testsuite> <!-- com.konexPos.customersTest.test -->
